<?xml version="1.0" encoding="UTF-8"?>
<testsuite name="com.mnovacyu.vertx.vertx_starter.TestMainVerticle" tests="1" skipped="0" failures="0" errors="0" timestamp="2024-04-08T21:43:11" hostname="DESKTOP-0LBPVTE" time="0.421">
  <properties/>
  <testcase name="verticle_deployed(Vertx, VertxTestContext)" classname="com.mnovacyu.vertx.vertx_starter.TestMainVerticle" time="0.421"/>
  <system-out><![CDATA[HTTP server started on port 8888
]]></system-out>
  <system-err><![CDATA[Apr 08, 2024 2:43:11 PM io.netty.resolver.dns.DefaultDnsServerAddressStreamProvider <clinit>
WARNING: Default DNS servers: [/[2001:4860:4860:0:0:0:0:8888]:53, /[2001:4860:4860:0:0:0:0:8844]:53] (Google Public DNS as a fallback)
]]></system-err>
</testsuite>
